
SQL*Plus: Release 21.0.0.0.0 - Production on Sun Apr 12 10:11:57 2026
Version 21.3.0.0.0

Copyright (c) 1982, 2021, Oracle.  All rights reserved.

Last Successful login time: Sun Apr 12 2026 10:09:56 +00:00

Connected to:
Oracle Database 21c Express Edition Release 21.0.0.0.0 - Production
Version 21.3.0.0.0

SQL> SQL> SQL> SQL> SQL> SQL>   2    3    4    5    6    7    8    9   10   11   12   13   14  
PL/SQL procedure successfully completed.

SQL> SQL> SQL> SQL>   2    3    4    5  
Table created.

SQL> SQL> SQL>   2    3    4    5    6    7    8    9   10  
Table created.

SQL> SQL> SQL>   2    3    4  
Table altered.

SQL> SQL> SQL> SQL> SQL>   2    3    4    5    6    7    8    9  
Table created.

SQL> SQL> SQL> SQL> SQL>   2    3    4    5    6    7    8    9   10  
Table created.

SQL> SQL> SQL> SQL> SQL>   2    3    4    5    6    7    8    9   10   11   12   13   14  
Table created.

SQL> SQL> SQL> SQL> SQL>   2    3    4    5    6    7    8  
Table created.

SQL> SQL> SQL> SQL> SQL>   2    3    4    5    6    7  
Table created.

SQL> SQL> SQL> SQL> SQL>   2    3    4    5    6    7    8    9   10   11  
Table created.

SQL> SQL> SQL> SQL> SQL>   2    3    4    5    6    7    8    9   10  
Table created.

SQL> SQL> SQL> SQL> SQL>   2    3    4    5    6    7    8    9   10   11   12   13   14   15   16   17   18   19   20   21   22   23   24   25   26   27   28   29   30  
Trigger created.

SQL> SQL> SQL> SQL> SQL>   2    3    4    5    6    7    8    9   10   11   12   13   14   15  
Trigger created.

SQL> SQL> SQL> SQL> SQL>   2    3    4    5    6    7    8    9   10  
Trigger created.

SQL> SQL> SQL> SQL> 
Commit complete.

SQL> SQL> SQL> SQL> 
1 row created.

SQL> 
1 row created.

SQL> 
1 row created.

SQL> 
1 row created.

SQL> 
1 row created.

SQL> 
1 row created.

SQL> 
1 row created.

SQL> 
1 row created.

SQL> SQL> SQL> SQL> SQL> 
1 row created.

SQL> 
1 row created.

SQL> 
1 row created.

SQL> 
1 row created.

SQL> 
1 row created.

SQL> 
1 row created.

SQL> 
1 row created.

SQL> 
1 row created.

SQL> SQL> SQL> SQL> SQL> 
1 row updated.

SQL> 
1 row updated.

SQL> 
1 row updated.

SQL> 
1 row updated.

SQL> SQL> SQL> SQL> SQL> 
1 row created.

SQL> 
1 row created.

SQL> 
1 row created.

SQL> 
1 row created.

SQL> 
1 row created.

SQL> 
1 row created.

SQL> 
1 row created.

SQL> 
1 row created.

SQL> SQL> SQL> SQL> SQL> 
1 row created.

SQL> 
1 row created.

SQL> 
1 row created.

SQL> 
1 row created.

SQL> 
1 row created.

SQL> 
1 row created.

SQL> 
1 row created.

SQL> 
1 row created.

SQL> 
1 row created.

SQL> 
1 row created.

SQL> SQL> SQL> 
1 row created.

SQL> 
1 row created.

SQL> SQL> SQL> SQL> SQL> 
1 row created.

SQL> 
1 row created.

SQL> 
1 row created.

SQL> 
1 row created.

SQL> 
1 row created.

SQL> SQL> SQL> SQL> SQL> 
1 row created.

SQL> 
1 row created.

SQL> 
1 row created.

SQL> 
1 row created.

SQL> SQL> SQL> SQL> SQL> 
1 row created.

SQL> 
1 row created.

SQL> 
1 row created.

SQL> 
1 row created.

SQL> 
1 row created.

SQL> SQL> SQL> SQL> SQL> 
1 row created.

SQL> 
1 row created.

SQL> 
1 row created.

SQL> 
1 row created.

SQL> 
1 row created.

SQL> SQL> SQL> 
Commit complete.

SQL> Disconnected from Oracle Database 21c Express Edition Release 21.0.0.0.0 - Production
Version 21.3.0.0.0
